\BOOKMARK [1][-]{Doc-Start}{\376\377\144\130\211\201}{}% 1
\BOOKMARK [1][-]{section.1}{\376\377\225\356\230\230\221\315\217\360}{}% 2
\BOOKMARK [2][-]{subsection.1.1}{\376\377\225\356\230\230\200\314\146\157}{section.1}% 3
\BOOKMARK [2][-]{subsection.1.2}{\376\377\230\230\166\356\221\315\217\360}{section.1}% 4
\BOOKMARK [1][-]{section.2}{\376\377\225\356\230\230\122\006\147\220}{}% 5
\BOOKMARK [2][-]{subsection.2.1}{\376\377\225\356\230\230\116\000\166\204\122\006\147\220}{section.2}% 6
\BOOKMARK [2][-]{subsection.2.2}{\376\377\225\356\230\230\116\214\166\204\122\006\147\220}{section.2}% 7
\BOOKMARK [2][-]{subsection.2.3}{\376\377\225\356\230\230\116\011\166\204\122\006\147\220}{section.2}% 8
\BOOKMARK [2][-]{subsection.2.4}{\376\377\225\356\230\230\126\333\166\204\122\006\147\220}{section.2}% 9
\BOOKMARK [1][-]{section.3}{\376\377\152\041\127\213\120\107\213\276}{}% 10
\BOOKMARK [1][-]{section.4}{\376\377\173\046\123\367\213\364\146\016}{}% 11
\BOOKMARK [1][-]{section.5}{\376\377\152\041\127\213\136\372\172\313}{}% 12
\BOOKMARK [2][-]{subsection.5.1}{\376\377\225\356\230\230\116\000\152\041\127\213\166\204\136\372\172\313\116\016\154\102\211\343}{section.5}% 13
\BOOKMARK [3][-]{subsubsection.5.1.1}{\376\377\153\143\140\001\122\006\136\003\152\041\127\213\152\041\142\337\142\275\123\326\150\300\155\113\166\204\150\067\147\054}{subsection.5.1}% 14
\BOOKMARK [3][-]{subsubsection.5.1.2}{\376\377\147\204\136\372\177\156\117\341\123\072\225\364}{subsection.5.1}% 15
\BOOKMARK [3][-]{subsubsection.5.1.3}{\376\377\213\276\133\232\213\357\135\356\203\003\126\364}{subsection.5.1}% 16
\BOOKMARK [3][-]{subsubsection.5.1.4}{\376\377\143\250\133\374\150\067\147\054\221\317\121\154\137\017}{subsection.5.1}% 17
\BOOKMARK [3][-]{subsubsection.5.1.5}{\376\377\152\041\127\213\154\102\211\343}{subsection.5.1}% 18
\BOOKMARK [3][-]{subsubsection.5.1.6}{\376\377\142\275\150\067\150\300\155\113\145\271\150\110\124\010\164\006\140\047\150\300\232\214}{subsection.5.1}% 19
\BOOKMARK [2][-]{subsection.5.2}{\376\377\225\356\230\230\116\214\152\041\127\213\166\204\136\372\172\313\116\016\154\102\211\343}{section.5}% 20
\BOOKMARK [3][-]{subsubsection.5.2.1}{\376\377\121\263\173\126\150\021\166\204\136\372\172\313}{subsection.5.2}% 21
\BOOKMARK [3][-]{subsubsection.5.2.2}{\376\377\147\000\131\047\123\026\122\051\155\246\152\041\127\213\166\204\136\372\172\313}{subsection.5.2}% 22
